2025/03/13-22:43:28 INFO [main] - o.s.boot.StartupInfoLogger.logStarting 53 [] - Starting BankApplication using Java 21.0.1 with PID 360 (D:\ms\interview-assignment\target\classes started by Administrator in D:\ms\interview-assignment)
2025/03/13-22:43:28 INFO [main] - o.s.boot.SpringApplication.logStartupProfileInfo 652 [] - No active profile set, falling back to 1 default profile: "default"
2025/03/13-22:43:30 INFO [main] - o.s.b.w.e.tomcat.TomcatWebServer.initialize 111 [] - Tomcat initialized with port 8080 (http)
2025/03/13-22:43:30 INFO [main] - o.apache.juli.logging.DirectJDKLog.log 173 [] - Initializing ProtocolHandler ["http-nio-8080"]
2025/03/13-22:43:30 INFO [main] - o.apache.juli.logging.DirectJDKLog.log 173 [] - Starting service [Tomcat]
2025/03/13-22:43:30 INFO [main] - o.apache.juli.logging.DirectJDKLog.log 173 [] - Starting Servlet engine: [Apache Tomcat/10.1.34]
2025/03/13-22:43:30 INFO [main] - o.apache.juli.logging.DirectJDKLog.log 173 [] - Initializing Spring embedded WebApplicationContext
2025/03/13-22:43:30 INFO [main] - o.s.b.w.s.c.ServletWebServerApplicationContext.prepareWebApplicationContext 296 [] - Root WebApplicationContext: initialization completed in 1258 ms
2025/03/13-22:43:30 INFO [main] - o.s.v.b.OptionalValidatorFactoryBean.afterPropertiesSet 48 [] - Failed to set up a Bean Validation provider: jakarta.validation.NoProviderFoundException: Unable to create a Configuration, because no Jakarta Bean Validation provider could be found. Add a provider like Hibernate Validator (RI) to your classpath.
2025/03/13-22:43:30 INFO [main] - o.apache.juli.logging.DirectJDKLog.log 173 [] - Starting ProtocolHandler ["http-nio-8080"]
2025/03/13-22:43:30 INFO [main] - o.s.b.w.e.tomcat.TomcatWebServer.start 243 [] - Tomcat started on port 8080 (http) with context path '/'
2025/03/13-22:43:30 INFO [main] - o.s.boot.StartupInfoLogger.logStarted 59 [] - Started BankApplication in 2.69 seconds (process running for 3.705)
2025/03/13-22:44:43 INFO [http-nio-8080-exec-1] - o.apache.juli.logging.DirectJDKLog.log 173 [] - Initializing Spring DispatcherServlet 'dispatcherServlet'
2025/03/13-22:44:43 INFO [http-nio-8080-exec-1] - o.s.web.servlet.FrameworkServlet.initServletBean 532 [] - Initializing Servlet 'dispatcherServlet'
2025/03/13-22:44:43 INFO [http-nio-8080-exec-1] - o.s.web.servlet.FrameworkServlet.initServletBean 554 [] - Completed initialization in 1 ms
2025/03/13-22:44:45 INFO [http-nio-8080-exec-10] - o.s.api.AbstractOpenApiResource.getOpenApi 409 [] - Init duration for springdoc-openapi is: 402 ms
2025/03/13-22:54:15 ERROR [http-nio-8080-exec-9] - c.b.c.e.GlobalExceptionConfiguration.handleUtilException 70 [] - ------com.bank.common.exception.UtilException------
2025/03/13-22:54:15 ERROR [http-nio-8080-exec-9] - c.b.c.e.GlobalExceptionConfiguration.handleUtilException 71 [] - UtilException: 交易单已存在
com.bank.common.exception.UtilException: 交易单已存在
	at com.bank.trade.domain.service.TradeService.createTrade(TradeService.java:23)
	at com.bank.trade.application.command.TradeCommandService.createTrade(TradeCommandService.java:29)
	at com.bank.trade.controller.TradeController.createTrade(TradeController.java:40)
	at java.base/jdk.internal.reflect.DirectMethodHandleAccessor.invoke(DirectMethodHandleAccessor.java:103)
	at java.base/java.lang.reflect.Method.invoke(Method.java:580)
	at org.springframework.web.method.support.InvocableHandlerMethod.doInvoke(InvocableHandlerMethod.java:257)
	at org.springframework.web.method.support.InvocableHandlerMethod.invokeForRequest(InvocableHandlerMethod.java:190)
	at org.springframework.web.servlet.mvc.method.annotation.ServletInvocableHandlerMethod.invokeAndHandle(ServletInvocableHandlerMethod.java:118)
	at org.springframework.web.servlet.mvc.method.annotation.RequestMappingHandlerAdapter.invokeHandlerMethod(RequestMappingHandlerAdapter.java:986)
	at org.springframework.web.servlet.mvc.method.annotation.RequestMappingHandlerAdapter.handleInternal(RequestMappingHandlerAdapter.java:891)
	at org.springframework.web.servlet.mvc.method.AbstractHandlerMethodAdapter.handle(AbstractHandlerMethodAdapter.java:87)
	at org.springframework.web.servlet.DispatcherServlet.doDispatch(DispatcherServlet.java:1088)
	at org.springframework.web.servlet.DispatcherServlet.doService(DispatcherServlet.java:978)
	at org.springframework.web.servlet.FrameworkServlet.processRequest(FrameworkServlet.java:1014)
	at org.springframework.web.servlet.FrameworkServlet.doPost(FrameworkServlet.java:914)
	at jakarta.servlet.http.HttpServlet.service(HttpServlet.java:590)
	at org.springframework.web.servlet.FrameworkServlet.service(FrameworkServlet.java:885)
	at jakarta.servlet.http.HttpServlet.service(HttpServlet.java:658)
	at org.apache.catalina.core.ApplicationFilterChain.internalDoFilter(ApplicationFilterChain.java:195)
	at org.apache.catalina.core.ApplicationFilterChain.doFilter(ApplicationFilterChain.java:140)
	at org.apache.tomcat.websocket.server.WsFilter.doFilter(WsFilter.java:51)
	at org.apache.catalina.core.ApplicationFilterChain.internalDoFilter(ApplicationFilterChain.java:164)
	at org.apache.catalina.core.ApplicationFilterChain.doFilter(ApplicationFilterChain.java:140)
	at org.springframework.web.filter.RequestContextFilter.doFilterInternal(RequestContextFilter.java:100)
	at org.springframework.web.filter.OncePerRequestFilter.doFilter(OncePerRequestFilter.java:116)
	at org.apache.catalina.core.ApplicationFilterChain.internalDoFilter(ApplicationFilterChain.java:164)
	at org.apache.catalina.core.ApplicationFilterChain.doFilter(ApplicationFilterChain.java:140)
	at org.springframework.web.filter.FormContentFilter.doFilterInternal(FormContentFilter.java:93)
	at org.springframework.web.filter.OncePerRequestFilter.doFilter(OncePerRequestFilter.java:116)
	at org.apache.catalina.core.ApplicationFilterChain.internalDoFilter(ApplicationFilterChain.java:164)
	at org.apache.catalina.core.ApplicationFilterChain.doFilter(ApplicationFilterChain.java:140)
	at org.springframework.web.filter.CharacterEncodingFilter.doFilterInternal(CharacterEncodingFilter.java:201)
	at org.springframework.web.filter.OncePerRequestFilter.doFilter(OncePerRequestFilter.java:116)
	at org.apache.catalina.core.ApplicationFilterChain.internalDoFilter(ApplicationFilterChain.java:164)
	at org.apache.catalina.core.ApplicationFilterChain.doFilter(ApplicationFilterChain.java:140)
	at org.apache.catalina.core.StandardWrapperValve.invoke(StandardWrapperValve.java:167)
	at org.apache.catalina.core.StandardContextValve.invoke(StandardContextValve.java:90)
	at org.apache.catalina.authenticator.AuthenticatorBase.invoke(AuthenticatorBase.java:483)
	at org.apache.catalina.core.StandardHostValve.invoke(StandardHostValve.java:115)
	at org.apache.catalina.valves.ErrorReportValve.invoke(ErrorReportValve.java:93)
	at org.apache.catalina.core.StandardEngineValve.invoke(StandardEngineValve.java:74)
	at org.apache.catalina.connector.CoyoteAdapter.service(CoyoteAdapter.java:344)
	at org.apache.coyote.http11.Http11Processor.service(Http11Processor.java:397)
	at org.apache.coyote.AbstractProcessorLight.process(AbstractProcessorLight.java:63)
	at org.apache.coyote.AbstractProtocol$ConnectionHandler.process(AbstractProtocol.java:905)
	at org.apache.tomcat.util.net.NioEndpoint$SocketProcessor.doRun(NioEndpoint.java:1741)
	at org.apache.tomcat.util.net.SocketProcessorBase.run(SocketProcessorBase.java:52)
	at org.apache.tomcat.util.threads.ThreadPoolExecutor.runWorker(ThreadPoolExecutor.java:1190)
	at org.apache.tomcat.util.threads.ThreadPoolExecutor$Worker.run(ThreadPoolExecutor.java:659)
	at org.apache.tomcat.util.threads.TaskThread$WrappingRunnable.run(TaskThread.java:63)
	at java.base/java.lang.Thread.run(Thread.java:1583)
2025/03/13-23:11:01 INFO [SpringApplicationShutdownHook] - o.s.b.w.e.tomcat.GracefulShutdown.shutDownGracefully 54 [] - Commencing graceful shutdown. Waiting for active requests to complete
2025/03/13-23:11:01 INFO [tomcat-shutdown] - o.s.b.w.e.tomcat.GracefulShutdown.doShutdown 76 [] - Graceful shutdown complete
2025/03/13-23:11:23 INFO [main] - o.s.boot.StartupInfoLogger.logStarting 53 [] - Starting TradeControllerTest using Java 21.0.1 with PID 6204 (started by Administrator in D:\ms\interview-assignment)
2025/03/13-23:11:23 INFO [main] - o.s.boot.SpringApplication.logStartupProfileInfo 652 [] - No active profile set, falling back to 1 default profile: "default"
2025/03/13-23:11:25 INFO [main] - o.s.v.b.OptionalValidatorFactoryBean.afterPropertiesSet 48 [] - Failed to set up a Bean Validation provider: jakarta.validation.NoProviderFoundException: Unable to create a Configuration, because no Jakarta Bean Validation provider could be found. Add a provider like Hibernate Validator (RI) to your classpath.
2025/03/13-23:11:25 INFO [main] - o.s.boot.StartupInfoLogger.logStarted 59 [] - Started TradeControllerTest in 3.026 seconds (process running for 4.58)
2025/03/13-23:11:27 INFO [main] - o.s.v.b.OptionalValidatorFactoryBean.afterPropertiesSet 48 [] - Failed to set up a Bean Validation provider: jakarta.validation.NoProviderFoundException: Unable to create a Configuration, because no Jakarta Bean Validation provider could be found. Add a provider like Hibernate Validator (RI) to your classpath.
2025/03/13-23:11:27 INFO [main] - o.s.mock.web.MockServletContext.log 440 [] - Initializing Spring TestDispatcherServlet ''
2025/03/13-23:11:27 INFO [main] - o.s.web.servlet.FrameworkServlet.initServletBean 532 [] - Initializing Servlet ''
2025/03/13-23:11:27 INFO [main] - o.s.web.servlet.FrameworkServlet.initServletBean 554 [] - Completed initialization in 0 ms
2025/03/13-23:11:27 WARN [main] - o.s.web.servlet.DispatcherServlet.noHandlerFound 1300 [] - No mapping for POST /api/trade
2025/03/13-23:11:27 WARN [main] - o.s.w.s.m.s.DefaultHandlerExceptionResolver.handleNoHandlerFoundException 459 [] - No endpoint POST /api/trade.
2025/03/13-23:12:55 INFO [main] - o.s.boot.StartupInfoLogger.logStarting 53 [] - Starting TradeControllerTest using Java 21.0.1 with PID 14780 (started by Administrator in D:\ms\interview-assignment)
2025/03/13-23:12:55 INFO [main] - o.s.boot.SpringApplication.logStartupProfileInfo 652 [] - No active profile set, falling back to 1 default profile: "default"
2025/03/13-23:12:56 INFO [main] - o.s.v.b.OptionalValidatorFactoryBean.afterPropertiesSet 48 [] - Failed to set up a Bean Validation provider: jakarta.validation.NoProviderFoundException: Unable to create a Configuration, because no Jakarta Bean Validation provider could be found. Add a provider like Hibernate Validator (RI) to your classpath.
2025/03/13-23:12:57 INFO [main] - o.s.boot.StartupInfoLogger.logStarted 59 [] - Started TradeControllerTest in 2.784 seconds (process running for 4.213)
2025/03/13-23:12:58 INFO [main] - o.s.v.b.OptionalValidatorFactoryBean.afterPropertiesSet 48 [] - Failed to set up a Bean Validation provider: jakarta.validation.NoProviderFoundException: Unable to create a Configuration, because no Jakarta Bean Validation provider could be found. Add a provider like Hibernate Validator (RI) to your classpath.
2025/03/13-23:12:58 INFO [main] - o.s.mock.web.MockServletContext.log 440 [] - Initializing Spring TestDispatcherServlet ''
2025/03/13-23:12:58 INFO [main] - o.s.web.servlet.FrameworkServlet.initServletBean 532 [] - Initializing Servlet ''
2025/03/13-23:12:58 INFO [main] - o.s.web.servlet.FrameworkServlet.initServletBean 554 [] - Completed initialization in 1 ms
2025/03/13-23:14:11 INFO [main] - o.s.boot.StartupInfoLogger.logStarting 53 [] - Starting TradeControllerTest using Java 21.0.1 with PID 4544 (started by Administrator in D:\ms\interview-assignment)
2025/03/13-23:14:11 INFO [main] - o.s.boot.SpringApplication.logStartupProfileInfo 652 [] - No active profile set, falling back to 1 default profile: "default"
2025/03/13-23:14:14 INFO [main] - o.s.v.b.OptionalValidatorFactoryBean.afterPropertiesSet 48 [] - Failed to set up a Bean Validation provider: jakarta.validation.NoProviderFoundException: Unable to create a Configuration, because no Jakarta Bean Validation provider could be found. Add a provider like Hibernate Validator (RI) to your classpath.
2025/03/13-23:14:14 INFO [main] - o.s.boot.StartupInfoLogger.logStarted 59 [] - Started TradeControllerTest in 3.331 seconds (process running for 4.794)
2025/03/13-23:14:15 INFO [main] - o.s.v.b.OptionalValidatorFactoryBean.afterPropertiesSet 48 [] - Failed to set up a Bean Validation provider: jakarta.validation.NoProviderFoundException: Unable to create a Configuration, because no Jakarta Bean Validation provider could be found. Add a provider like Hibernate Validator (RI) to your classpath.
2025/03/13-23:14:15 INFO [main] - o.s.mock.web.MockServletContext.log 440 [] - Initializing Spring TestDispatcherServlet ''
2025/03/13-23:14:15 INFO [main] - o.s.web.servlet.FrameworkServlet.initServletBean 532 [] - Initializing Servlet ''
2025/03/13-23:14:15 INFO [main] - o.s.web.servlet.FrameworkServlet.initServletBean 554 [] - Completed initialization in 0 ms
2025/03/13-23:14:16 INFO [main] - o.s.v.b.OptionalValidatorFactoryBean.afterPropertiesSet 48 [] - Failed to set up a Bean Validation provider: jakarta.validation.NoProviderFoundException: Unable to create a Configuration, because no Jakarta Bean Validation provider could be found. Add a provider like Hibernate Validator (RI) to your classpath.
2025/03/13-23:14:16 INFO [main] - o.s.mock.web.MockServletContext.log 440 [] - Initializing Spring TestDispatcherServlet ''
2025/03/13-23:14:16 INFO [main] - o.s.web.servlet.FrameworkServlet.initServletBean 532 [] - Initializing Servlet ''
2025/03/13-23:14:16 INFO [main] - o.s.web.servlet.FrameworkServlet.initServletBean 554 [] - Completed initialization in 0 ms
2025/03/13-23:14:16 INFO [main] - o.s.v.b.OptionalValidatorFactoryBean.afterPropertiesSet 48 [] - Failed to set up a Bean Validation provider: jakarta.validation.NoProviderFoundException: Unable to create a Configuration, because no Jakarta Bean Validation provider could be found. Add a provider like Hibernate Validator (RI) to your classpath.
2025/03/13-23:14:16 INFO [main] - o.s.mock.web.MockServletContext.log 440 [] - Initializing Spring TestDispatcherServlet ''
2025/03/13-23:14:16 INFO [main] - o.s.web.servlet.FrameworkServlet.initServletBean 532 [] - Initializing Servlet ''
2025/03/13-23:14:16 INFO [main] - o.s.web.servlet.FrameworkServlet.initServletBean 554 [] - Completed initialization in 0 ms
2025/03/13-23:14:16 INFO [main] - o.s.v.b.OptionalValidatorFactoryBean.afterPropertiesSet 48 [] - Failed to set up a Bean Validation provider: jakarta.validation.NoProviderFoundException: Unable to create a Configuration, because no Jakarta Bean Validation provider could be found. Add a provider like Hibernate Validator (RI) to your classpath.
2025/03/13-23:14:16 INFO [main] - o.s.mock.web.MockServletContext.log 440 [] - Initializing Spring TestDispatcherServlet ''
2025/03/13-23:14:16 INFO [main] - o.s.web.servlet.FrameworkServlet.initServletBean 532 [] - Initializing Servlet ''
2025/03/13-23:14:16 INFO [main] - o.s.web.servlet.FrameworkServlet.initServletBean 554 [] - Completed initialization in 0 ms
2025/03/13-23:14:16 INFO [main] - o.s.v.b.OptionalValidatorFactoryBean.afterPropertiesSet 48 [] - Failed to set up a Bean Validation provider: jakarta.validation.NoProviderFoundException: Unable to create a Configuration, because no Jakarta Bean Validation provider could be found. Add a provider like Hibernate Validator (RI) to your classpath.
2025/03/13-23:14:16 INFO [main] - o.s.mock.web.MockServletContext.log 440 [] - Initializing Spring TestDispatcherServlet ''
2025/03/13-23:14:16 INFO [main] - o.s.web.servlet.FrameworkServlet.initServletBean 532 [] - Initializing Servlet ''
2025/03/13-23:14:16 INFO [main] - o.s.web.servlet.FrameworkServlet.initServletBean 554 [] - Completed initialization in 0 ms
2025/03/13-23:15:10 INFO [main] - o.s.boot.StartupInfoLogger.logStarting 53 [] - Starting TradeControllerTest using Java 21.0.1 with PID 5296 (started by Administrator in D:\ms\interview-assignment)
2025/03/13-23:15:10 INFO [main] - o.s.boot.SpringApplication.logStartupProfileInfo 652 [] - No active profile set, falling back to 1 default profile: "default"
2025/03/13-23:15:12 INFO [main] - o.s.v.b.OptionalValidatorFactoryBean.afterPropertiesSet 48 [] - Failed to set up a Bean Validation provider: jakarta.validation.NoProviderFoundException: Unable to create a Configuration, because no Jakarta Bean Validation provider could be found. Add a provider like Hibernate Validator (RI) to your classpath.
2025/03/13-23:15:12 INFO [main] - o.s.boot.StartupInfoLogger.logStarted 59 [] - Started TradeControllerTest in 2.724 seconds (process running for 4.13)
2025/03/13-23:15:13 INFO [main] - o.s.v.b.OptionalValidatorFactoryBean.afterPropertiesSet 48 [] - Failed to set up a Bean Validation provider: jakarta.validation.NoProviderFoundException: Unable to create a Configuration, because no Jakarta Bean Validation provider could be found. Add a provider like Hibernate Validator (RI) to your classpath.
2025/03/13-23:15:13 INFO [main] - o.s.mock.web.MockServletContext.log 440 [] - Initializing Spring TestDispatcherServlet ''
2025/03/13-23:15:13 INFO [main] - o.s.web.servlet.FrameworkServlet.initServletBean 532 [] - Initializing Servlet ''
2025/03/13-23:15:13 INFO [main] - o.s.web.servlet.FrameworkServlet.initServletBean 554 [] - Completed initialization in 1 ms
2025/03/13-23:15:14 INFO [main] - o.s.v.b.OptionalValidatorFactoryBean.afterPropertiesSet 48 [] - Failed to set up a Bean Validation provider: jakarta.validation.NoProviderFoundException: Unable to create a Configuration, because no Jakarta Bean Validation provider could be found. Add a provider like Hibernate Validator (RI) to your classpath.
2025/03/13-23:15:14 INFO [main] - o.s.mock.web.MockServletContext.log 440 [] - Initializing Spring TestDispatcherServlet ''
2025/03/13-23:15:14 INFO [main] - o.s.web.servlet.FrameworkServlet.initServletBean 532 [] - Initializing Servlet ''
2025/03/13-23:15:14 INFO [main] - o.s.web.servlet.FrameworkServlet.initServletBean 554 [] - Completed initialization in 0 ms
2025/03/13-23:15:14 INFO [main] - o.s.v.b.OptionalValidatorFactoryBean.afterPropertiesSet 48 [] - Failed to set up a Bean Validation provider: jakarta.validation.NoProviderFoundException: Unable to create a Configuration, because no Jakarta Bean Validation provider could be found. Add a provider like Hibernate Validator (RI) to your classpath.
2025/03/13-23:15:14 INFO [main] - o.s.mock.web.MockServletContext.log 440 [] - Initializing Spring TestDispatcherServlet ''
2025/03/13-23:15:14 INFO [main] - o.s.web.servlet.FrameworkServlet.initServletBean 532 [] - Initializing Servlet ''
2025/03/13-23:15:14 INFO [main] - o.s.web.servlet.FrameworkServlet.initServletBean 554 [] - Completed initialization in 0 ms
2025/03/13-23:15:14 INFO [main] - o.s.v.b.OptionalValidatorFactoryBean.afterPropertiesSet 48 [] - Failed to set up a Bean Validation provider: jakarta.validation.NoProviderFoundException: Unable to create a Configuration, because no Jakarta Bean Validation provider could be found. Add a provider like Hibernate Validator (RI) to your classpath.
2025/03/13-23:15:14 INFO [main] - o.s.mock.web.MockServletContext.log 440 [] - Initializing Spring TestDispatcherServlet ''
2025/03/13-23:15:14 INFO [main] - o.s.web.servlet.FrameworkServlet.initServletBean 532 [] - Initializing Servlet ''
2025/03/13-23:15:14 INFO [main] - o.s.web.servlet.FrameworkServlet.initServletBean 554 [] - Completed initialization in 0 ms
2025/03/13-23:15:14 INFO [main] - o.s.v.b.OptionalValidatorFactoryBean.afterPropertiesSet 48 [] - Failed to set up a Bean Validation provider: jakarta.validation.NoProviderFoundException: Unable to create a Configuration, because no Jakarta Bean Validation provider could be found. Add a provider like Hibernate Validator (RI) to your classpath.
2025/03/13-23:15:14 INFO [main] - o.s.mock.web.MockServletContext.log 440 [] - Initializing Spring TestDispatcherServlet ''
2025/03/13-23:15:14 INFO [main] - o.s.web.servlet.FrameworkServlet.initServletBean 532 [] - Initializing Servlet ''
2025/03/13-23:15:14 INFO [main] - o.s.web.servlet.FrameworkServlet.initServletBean 554 [] - Completed initialization in 0 ms
2025/03/13-23:15:49 INFO [main] - o.s.boot.StartupInfoLogger.logStarting 53 [] - Starting TradeControllerTest using Java 21.0.1 with PID 9964 (started by Administrator in D:\ms\interview-assignment)
2025/03/13-23:15:49 INFO [main] - o.s.boot.SpringApplication.logStartupProfileInfo 652 [] - No active profile set, falling back to 1 default profile: "default"
2025/03/13-23:15:51 INFO [main] - o.s.v.b.OptionalValidatorFactoryBean.afterPropertiesSet 48 [] - Failed to set up a Bean Validation provider: jakarta.validation.NoProviderFoundException: Unable to create a Configuration, because no Jakarta Bean Validation provider could be found. Add a provider like Hibernate Validator (RI) to your classpath.
2025/03/13-23:15:51 INFO [main] - o.s.boot.StartupInfoLogger.logStarted 59 [] - Started TradeControllerTest in 2.734 seconds (process running for 4.126)
2025/03/13-23:15:53 INFO [main] - o.s.v.b.OptionalValidatorFactoryBean.afterPropertiesSet 48 [] - Failed to set up a Bean Validation provider: jakarta.validation.NoProviderFoundException: Unable to create a Configuration, because no Jakarta Bean Validation provider could be found. Add a provider like Hibernate Validator (RI) to your classpath.
2025/03/13-23:15:53 INFO [main] - o.s.mock.web.MockServletContext.log 440 [] - Initializing Spring TestDispatcherServlet ''
2025/03/13-23:15:53 INFO [main] - o.s.web.servlet.FrameworkServlet.initServletBean 532 [] - Initializing Servlet ''
2025/03/13-23:15:53 INFO [main] - o.s.web.servlet.FrameworkServlet.initServletBean 554 [] - Completed initialization in 1 ms
2025/03/13-23:16:05 INFO [main] - o.s.boot.StartupInfoLogger.logStarting 53 [] - Starting TradeControllerTest using Java 21.0.1 with PID 16288 (started by Administrator in D:\ms\interview-assignment)
2025/03/13-23:16:05 INFO [main] - o.s.boot.SpringApplication.logStartupProfileInfo 652 [] - No active profile set, falling back to 1 default profile: "default"
2025/03/13-23:16:07 INFO [main] - o.s.v.b.OptionalValidatorFactoryBean.afterPropertiesSet 48 [] - Failed to set up a Bean Validation provider: jakarta.validation.NoProviderFoundException: Unable to create a Configuration, because no Jakarta Bean Validation provider could be found. Add a provider like Hibernate Validator (RI) to your classpath.
2025/03/13-23:16:07 INFO [main] - o.s.boot.StartupInfoLogger.logStarted 59 [] - Started TradeControllerTest in 2.762 seconds (process running for 4.15)
2025/03/13-23:16:08 INFO [main] - o.s.v.b.OptionalValidatorFactoryBean.afterPropertiesSet 48 [] - Failed to set up a Bean Validation provider: jakarta.validation.NoProviderFoundException: Unable to create a Configuration, because no Jakarta Bean Validation provider could be found. Add a provider like Hibernate Validator (RI) to your classpath.
2025/03/13-23:16:08 INFO [main] - o.s.mock.web.MockServletContext.log 440 [] - Initializing Spring TestDispatcherServlet ''
2025/03/13-23:16:08 INFO [main] - o.s.web.servlet.FrameworkServlet.initServletBean 532 [] - Initializing Servlet ''
2025/03/13-23:16:08 INFO [main] - o.s.web.servlet.FrameworkServlet.initServletBean 554 [] - Completed initialization in 1 ms
2025/03/13-23:16:16 INFO [main] - o.s.boot.StartupInfoLogger.logStarting 53 [] - Starting TradeControllerTest using Java 21.0.1 with PID 14448 (started by Administrator in D:\ms\interview-assignment)
2025/03/13-23:16:16 INFO [main] - o.s.boot.SpringApplication.logStartupProfileInfo 652 [] - No active profile set, falling back to 1 default profile: "default"
2025/03/13-23:16:17 INFO [main] - o.s.v.b.OptionalValidatorFactoryBean.afterPropertiesSet 48 [] - Failed to set up a Bean Validation provider: jakarta.validation.NoProviderFoundException: Unable to create a Configuration, because no Jakarta Bean Validation provider could be found. Add a provider like Hibernate Validator (RI) to your classpath.
2025/03/13-23:16:18 INFO [main] - o.s.boot.StartupInfoLogger.logStarted 59 [] - Started TradeControllerTest in 2.75 seconds (process running for 4.219)
2025/03/13-23:16:19 INFO [main] - o.s.v.b.OptionalValidatorFactoryBean.afterPropertiesSet 48 [] - Failed to set up a Bean Validation provider: jakarta.validation.NoProviderFoundException: Unable to create a Configuration, because no Jakarta Bean Validation provider could be found. Add a provider like Hibernate Validator (RI) to your classpath.
2025/03/13-23:16:19 INFO [main] - o.s.mock.web.MockServletContext.log 440 [] - Initializing Spring TestDispatcherServlet ''
2025/03/13-23:16:19 INFO [main] - o.s.web.servlet.FrameworkServlet.initServletBean 532 [] - Initializing Servlet ''
2025/03/13-23:16:19 INFO [main] - o.s.web.servlet.FrameworkServlet.initServletBean 554 [] - Completed initialization in 0 ms
2025/03/13-23:16:25 INFO [main] - o.s.boot.StartupInfoLogger.logStarting 53 [] - Starting TradeControllerTest using Java 21.0.1 with PID 14488 (started by Administrator in D:\ms\interview-assignment)
2025/03/13-23:16:25 INFO [main] - o.s.boot.SpringApplication.logStartupProfileInfo 652 [] - No active profile set, falling back to 1 default profile: "default"
2025/03/13-23:16:27 INFO [main] - o.s.v.b.OptionalValidatorFactoryBean.afterPropertiesSet 48 [] - Failed to set up a Bean Validation provider: jakarta.validation.NoProviderFoundException: Unable to create a Configuration, because no Jakarta Bean Validation provider could be found. Add a provider like Hibernate Validator (RI) to your classpath.
2025/03/13-23:16:27 INFO [main] - o.s.boot.StartupInfoLogger.logStarted 59 [] - Started TradeControllerTest in 2.853 seconds (process running for 4.383)
2025/03/13-23:16:28 INFO [main] - o.s.v.b.OptionalValidatorFactoryBean.afterPropertiesSet 48 [] - Failed to set up a Bean Validation provider: jakarta.validation.NoProviderFoundException: Unable to create a Configuration, because no Jakarta Bean Validation provider could be found. Add a provider like Hibernate Validator (RI) to your classpath.
2025/03/13-23:16:28 INFO [main] - o.s.mock.web.MockServletContext.log 440 [] - Initializing Spring TestDispatcherServlet ''
2025/03/13-23:16:29 INFO [main] - o.s.web.servlet.FrameworkServlet.initServletBean 532 [] - Initializing Servlet ''
2025/03/13-23:16:29 INFO [main] - o.s.web.servlet.FrameworkServlet.initServletBean 554 [] - Completed initialization in 1 ms
2025/03/13-23:16:42 INFO [main] - o.s.boot.StartupInfoLogger.logStarting 53 [] - Starting TradeControllerTest using Java 21.0.1 with PID 13344 (started by Administrator in D:\ms\interview-assignment)
2025/03/13-23:16:42 INFO [main] - o.s.boot.SpringApplication.logStartupProfileInfo 652 [] - No active profile set, falling back to 1 default profile: "default"
2025/03/13-23:16:43 INFO [main] - o.s.v.b.OptionalValidatorFactoryBean.afterPropertiesSet 48 [] - Failed to set up a Bean Validation provider: jakarta.validation.NoProviderFoundException: Unable to create a Configuration, because no Jakarta Bean Validation provider could be found. Add a provider like Hibernate Validator (RI) to your classpath.
2025/03/13-23:16:44 INFO [main] - o.s.boot.StartupInfoLogger.logStarted 59 [] - Started TradeControllerTest in 2.938 seconds (process running for 4.315)
2025/03/13-23:16:45 INFO [main] - o.s.v.b.OptionalValidatorFactoryBean.afterPropertiesSet 48 [] - Failed to set up a Bean Validation provider: jakarta.validation.NoProviderFoundException: Unable to create a Configuration, because no Jakarta Bean Validation provider could be found. Add a provider like Hibernate Validator (RI) to your classpath.
2025/03/13-23:16:45 INFO [main] - o.s.mock.web.MockServletContext.log 440 [] - Initializing Spring TestDispatcherServlet ''
2025/03/13-23:16:45 INFO [main] - o.s.web.servlet.FrameworkServlet.initServletBean 532 [] - Initializing Servlet ''
2025/03/13-23:16:45 INFO [main] - o.s.web.servlet.FrameworkServlet.initServletBean 554 [] - Completed initialization in 1 ms
2025/03/13-23:16:45 INFO [main] - o.s.v.b.OptionalValidatorFactoryBean.afterPropertiesSet 48 [] - Failed to set up a Bean Validation provider: jakarta.validation.NoProviderFoundException: Unable to create a Configuration, because no Jakarta Bean Validation provider could be found. Add a provider like Hibernate Validator (RI) to your classpath.
2025/03/13-23:16:45 INFO [main] - o.s.mock.web.MockServletContext.log 440 [] - Initializing Spring TestDispatcherServlet ''
2025/03/13-23:16:45 INFO [main] - o.s.web.servlet.FrameworkServlet.initServletBean 532 [] - Initializing Servlet ''
2025/03/13-23:16:45 INFO [main] - o.s.web.servlet.FrameworkServlet.initServletBean 554 [] - Completed initialization in 0 ms
2025/03/13-23:16:45 INFO [main] - o.s.v.b.OptionalValidatorFactoryBean.afterPropertiesSet 48 [] - Failed to set up a Bean Validation provider: jakarta.validation.NoProviderFoundException: Unable to create a Configuration, because no Jakarta Bean Validation provider could be found. Add a provider like Hibernate Validator (RI) to your classpath.
2025/03/13-23:16:45 INFO [main] - o.s.mock.web.MockServletContext.log 440 [] - Initializing Spring TestDispatcherServlet ''
2025/03/13-23:16:45 INFO [main] - o.s.web.servlet.FrameworkServlet.initServletBean 532 [] - Initializing Servlet ''
2025/03/13-23:16:45 INFO [main] - o.s.web.servlet.FrameworkServlet.initServletBean 554 [] - Completed initialization in 0 ms
2025/03/13-23:16:45 INFO [main] - o.s.v.b.OptionalValidatorFactoryBean.afterPropertiesSet 48 [] - Failed to set up a Bean Validation provider: jakarta.validation.NoProviderFoundException: Unable to create a Configuration, because no Jakarta Bean Validation provider could be found. Add a provider like Hibernate Validator (RI) to your classpath.
2025/03/13-23:16:45 INFO [main] - o.s.mock.web.MockServletContext.log 440 [] - Initializing Spring TestDispatcherServlet ''
2025/03/13-23:16:45 INFO [main] - o.s.web.servlet.FrameworkServlet.initServletBean 532 [] - Initializing Servlet ''
2025/03/13-23:16:45 INFO [main] - o.s.web.servlet.FrameworkServlet.initServletBean 554 [] - Completed initialization in 0 ms
2025/03/13-23:16:45 INFO [main] - o.s.v.b.OptionalValidatorFactoryBean.afterPropertiesSet 48 [] - Failed to set up a Bean Validation provider: jakarta.validation.NoProviderFoundException: Unable to create a Configuration, because no Jakarta Bean Validation provider could be found. Add a provider like Hibernate Validator (RI) to your classpath.
2025/03/13-23:16:45 INFO [main] - o.s.mock.web.MockServletContext.log 440 [] - Initializing Spring TestDispatcherServlet ''
2025/03/13-23:16:45 INFO [main] - o.s.web.servlet.FrameworkServlet.initServletBean 532 [] - Initializing Servlet ''
2025/03/13-23:16:45 INFO [main] - o.s.web.servlet.FrameworkServlet.initServletBean 554 [] - Completed initialization in 0 ms
2025/03/13-23:22:31 INFO [main] - o.s.boot.StartupInfoLogger.logStarting 53 [] - Starting TradeControllerTest using Java 21.0.1 with PID 7636 (started by Administrator in D:\ms\interview-assignment)
2025/03/13-23:22:31 INFO [main] - o.s.boot.SpringApplication.logStartupProfileInfo 652 [] - No active profile set, falling back to 1 default profile: "default"
2025/03/13-23:22:33 INFO [main] - o.s.v.b.OptionalValidatorFactoryBean.afterPropertiesSet 48 [] - Failed to set up a Bean Validation provider: jakarta.validation.NoProviderFoundException: Unable to create a Configuration, because no Jakarta Bean Validation provider could be found. Add a provider like Hibernate Validator (RI) to your classpath.
2025/03/13-23:22:34 INFO [main] - o.s.boot.StartupInfoLogger.logStarted 59 [] - Started TradeControllerTest in 2.856 seconds (process running for 4.35)
2025/03/13-23:22:35 INFO [main] - o.s.v.b.OptionalValidatorFactoryBean.afterPropertiesSet 48 [] - Failed to set up a Bean Validation provider: jakarta.validation.NoProviderFoundException: Unable to create a Configuration, because no Jakarta Bean Validation provider could be found. Add a provider like Hibernate Validator (RI) to your classpath.
2025/03/13-23:22:35 INFO [main] - o.s.mock.web.MockServletContext.log 440 [] - Initializing Spring TestDispatcherServlet ''
2025/03/13-23:22:35 INFO [main] - o.s.web.servlet.FrameworkServlet.initServletBean 532 [] - Initializing Servlet ''
2025/03/13-23:22:35 INFO [main] - o.s.web.servlet.FrameworkServlet.initServletBean 554 [] - Completed initialization in 0 ms
2025/03/13-23:22:35 INFO [main] - o.s.v.b.OptionalValidatorFactoryBean.afterPropertiesSet 48 [] - Failed to set up a Bean Validation provider: jakarta.validation.NoProviderFoundException: Unable to create a Configuration, because no Jakarta Bean Validation provider could be found. Add a provider like Hibernate Validator (RI) to your classpath.
2025/03/13-23:22:35 INFO [main] - o.s.mock.web.MockServletContext.log 440 [] - Initializing Spring TestDispatcherServlet ''
2025/03/13-23:22:35 INFO [main] - o.s.web.servlet.FrameworkServlet.initServletBean 532 [] - Initializing Servlet ''
2025/03/13-23:22:35 INFO [main] - o.s.web.servlet.FrameworkServlet.initServletBean 554 [] - Completed initialization in 0 ms
2025/03/13-23:22:35 INFO [main] - o.s.v.b.OptionalValidatorFactoryBean.afterPropertiesSet 48 [] - Failed to set up a Bean Validation provider: jakarta.validation.NoProviderFoundException: Unable to create a Configuration, because no Jakarta Bean Validation provider could be found. Add a provider like Hibernate Validator (RI) to your classpath.
2025/03/13-23:22:35 INFO [main] - o.s.mock.web.MockServletContext.log 440 [] - Initializing Spring TestDispatcherServlet ''
2025/03/13-23:22:35 INFO [main] - o.s.web.servlet.FrameworkServlet.initServletBean 532 [] - Initializing Servlet ''
2025/03/13-23:22:35 INFO [main] - o.s.web.servlet.FrameworkServlet.initServletBean 554 [] - Completed initialization in 0 ms
2025/03/13-23:22:35 INFO [main] - o.s.v.b.OptionalValidatorFactoryBean.afterPropertiesSet 48 [] - Failed to set up a Bean Validation provider: jakarta.validation.NoProviderFoundException: Unable to create a Configuration, because no Jakarta Bean Validation provider could be found. Add a provider like Hibernate Validator (RI) to your classpath.
2025/03/13-23:22:35 INFO [main] - o.s.mock.web.MockServletContext.log 440 [] - Initializing Spring TestDispatcherServlet ''
2025/03/13-23:22:35 INFO [main] - o.s.web.servlet.FrameworkServlet.initServletBean 532 [] - Initializing Servlet ''
2025/03/13-23:22:35 INFO [main] - o.s.web.servlet.FrameworkServlet.initServletBean 554 [] - Completed initialization in 1 ms
2025/03/13-23:22:35 INFO [main] - o.s.v.b.OptionalValidatorFactoryBean.afterPropertiesSet 48 [] - Failed to set up a Bean Validation provider: jakarta.validation.NoProviderFoundException: Unable to create a Configuration, because no Jakarta Bean Validation provider could be found. Add a provider like Hibernate Validator (RI) to your classpath.
2025/03/13-23:22:35 INFO [main] - o.s.mock.web.MockServletContext.log 440 [] - Initializing Spring TestDispatcherServlet ''
2025/03/13-23:22:35 INFO [main] - o.s.web.servlet.FrameworkServlet.initServletBean 532 [] - Initializing Servlet ''
2025/03/13-23:22:35 INFO [main] - o.s.web.servlet.FrameworkServlet.initServletBean 554 [] - Completed initialization in 0 ms
2025/03/13-23:27:27 INFO [main] - o.s.boot.StartupInfoLogger.logStarting 53 [] - Starting TradeControllerTest using Java 21.0.1 with PID 17172 (started by Administrator in D:\ms\interview-assignment)
2025/03/13-23:27:27 INFO [main] - o.s.boot.SpringApplication.logStartupProfileInfo 652 [] - No active profile set, falling back to 1 default profile: "default"
2025/03/13-23:27:30 INFO [main] - o.s.v.b.OptionalValidatorFactoryBean.afterPropertiesSet 48 [] - Failed to set up a Bean Validation provider: jakarta.validation.NoProviderFoundException: Unable to create a Configuration, because no Jakarta Bean Validation provider could be found. Add a provider like Hibernate Validator (RI) to your classpath.
2025/03/13-23:27:30 INFO [main] - o.s.boot.StartupInfoLogger.logStarted 59 [] - Started TradeControllerTest in 3.804 seconds (process running for 5.672)
2025/03/13-23:27:32 INFO [main] - o.s.v.b.OptionalValidatorFactoryBean.afterPropertiesSet 48 [] - Failed to set up a Bean Validation provider: jakarta.validation.NoProviderFoundException: Unable to create a Configuration, because no Jakarta Bean Validation provider could be found. Add a provider like Hibernate Validator (RI) to your classpath.
2025/03/13-23:27:32 INFO [main] - o.s.mock.web.MockServletContext.log 440 [] - Initializing Spring TestDispatcherServlet ''
2025/03/13-23:27:32 INFO [main] - o.s.web.servlet.FrameworkServlet.initServletBean 532 [] - Initializing Servlet ''
2025/03/13-23:27:32 INFO [main] - o.s.web.servlet.FrameworkServlet.initServletBean 554 [] - Completed initialization in 0 ms
2025/03/13-23:27:50 INFO [main] - o.s.boot.StartupInfoLogger.logStarting 53 [] - Starting TradeControllerTest using Java 21.0.1 with PID 5876 (started by Administrator in D:\ms\interview-assignment)
2025/03/13-23:27:50 INFO [main] - o.s.boot.SpringApplication.logStartupProfileInfo 652 [] - No active profile set, falling back to 1 default profile: "default"
2025/03/13-23:27:53 INFO [main] - o.s.v.b.OptionalValidatorFactoryBean.afterPropertiesSet 48 [] - Failed to set up a Bean Validation provider: jakarta.validation.NoProviderFoundException: Unable to create a Configuration, because no Jakarta Bean Validation provider could be found. Add a provider like Hibernate Validator (RI) to your classpath.
2025/03/13-23:27:53 INFO [main] - o.s.boot.StartupInfoLogger.logStarted 59 [] - Started TradeControllerTest in 3.751 seconds (process running for 5.785)
2025/03/13-23:27:55 INFO [main] - o.s.v.b.OptionalValidatorFactoryBean.afterPropertiesSet 48 [] - Failed to set up a Bean Validation provider: jakarta.validation.NoProviderFoundException: Unable to create a Configuration, because no Jakarta Bean Validation provider could be found. Add a provider like Hibernate Validator (RI) to your classpath.
2025/03/13-23:27:55 INFO [main] - o.s.mock.web.MockServletContext.log 440 [] - Initializing Spring TestDispatcherServlet ''
2025/03/13-23:27:55 INFO [main] - o.s.web.servlet.FrameworkServlet.initServletBean 532 [] - Initializing Servlet ''
2025/03/13-23:27:55 INFO [main] - o.s.web.servlet.FrameworkServlet.initServletBean 554 [] - Completed initialization in 2 ms
2025/03/13-23:27:55 INFO [main] - o.s.v.b.OptionalValidatorFactoryBean.afterPropertiesSet 48 [] - Failed to set up a Bean Validation provider: jakarta.validation.NoProviderFoundException: Unable to create a Configuration, because no Jakarta Bean Validation provider could be found. Add a provider like Hibernate Validator (RI) to your classpath.
2025/03/13-23:27:55 INFO [main] - o.s.mock.web.MockServletContext.log 440 [] - Initializing Spring TestDispatcherServlet ''
2025/03/13-23:27:55 INFO [main] - o.s.web.servlet.FrameworkServlet.initServletBean 532 [] - Initializing Servlet ''
2025/03/13-23:27:55 INFO [main] - o.s.web.servlet.FrameworkServlet.initServletBean 554 [] - Completed initialization in 0 ms
2025/03/13-23:27:55 INFO [main] - o.s.v.b.OptionalValidatorFactoryBean.afterPropertiesSet 48 [] - Failed to set up a Bean Validation provider: jakarta.validation.NoProviderFoundException: Unable to create a Configuration, because no Jakarta Bean Validation provider could be found. Add a provider like Hibernate Validator (RI) to your classpath.
2025/03/13-23:27:55 INFO [main] - o.s.mock.web.MockServletContext.log 440 [] - Initializing Spring TestDispatcherServlet ''
2025/03/13-23:27:55 INFO [main] - o.s.web.servlet.FrameworkServlet.initServletBean 532 [] - Initializing Servlet ''
2025/03/13-23:27:55 INFO [main] - o.s.web.servlet.FrameworkServlet.initServletBean 554 [] - Completed initialization in 0 ms
2025/03/13-23:27:55 INFO [main] - o.s.v.b.OptionalValidatorFactoryBean.afterPropertiesSet 48 [] - Failed to set up a Bean Validation provider: jakarta.validation.NoProviderFoundException: Unable to create a Configuration, because no Jakarta Bean Validation provider could be found. Add a provider like Hibernate Validator (RI) to your classpath.
2025/03/13-23:27:55 INFO [main] - o.s.mock.web.MockServletContext.log 440 [] - Initializing Spring TestDispatcherServlet ''
2025/03/13-23:27:55 INFO [main] - o.s.web.servlet.FrameworkServlet.initServletBean 532 [] - Initializing Servlet ''
2025/03/13-23:27:55 INFO [main] - o.s.web.servlet.FrameworkServlet.initServletBean 554 [] - Completed initialization in 0 ms
2025/03/13-23:27:55 INFO [main] - o.s.v.b.OptionalValidatorFactoryBean.afterPropertiesSet 48 [] - Failed to set up a Bean Validation provider: jakarta.validation.NoProviderFoundException: Unable to create a Configuration, because no Jakarta Bean Validation provider could be found. Add a provider like Hibernate Validator (RI) to your classpath.
2025/03/13-23:27:55 INFO [main] - o.s.mock.web.MockServletContext.log 440 [] - Initializing Spring TestDispatcherServlet ''
2025/03/13-23:27:55 INFO [main] - o.s.web.servlet.FrameworkServlet.initServletBean 532 [] - Initializing Servlet ''
2025/03/13-23:27:55 INFO [main] - o.s.web.servlet.FrameworkServlet.initServletBean 554 [] - Completed initialization in 0 ms
2025/03/13-23:35:08 INFO [main] - o.s.boot.StartupInfoLogger.logStarting 53 [] - Starting TradeControllerTest using Java 21.0.1 with PID 1556 (started by Administrator in D:\ms\interview-assignment)
2025/03/13-23:35:08 INFO [main] - o.s.boot.SpringApplication.logStartupProfileInfo 652 [] - No active profile set, falling back to 1 default profile: "default"
2025/03/13-23:35:11 INFO [main] - o.s.v.b.OptionalValidatorFactoryBean.afterPropertiesSet 48 [] - Failed to set up a Bean Validation provider: jakarta.validation.NoProviderFoundException: Unable to create a Configuration, because no Jakarta Bean Validation provider could be found. Add a provider like Hibernate Validator (RI) to your classpath.
2025/03/13-23:35:11 INFO [main] - o.s.boot.StartupInfoLogger.logStarted 59 [] - Started TradeControllerTest in 3.649 seconds (process running for 5.481)
2025/03/13-23:35:13 INFO [main] - o.s.v.b.OptionalValidatorFactoryBean.afterPropertiesSet 48 [] - Failed to set up a Bean Validation provider: jakarta.validation.NoProviderFoundException: Unable to create a Configuration, because no Jakarta Bean Validation provider could be found. Add a provider like Hibernate Validator (RI) to your classpath.
2025/03/13-23:35:13 INFO [main] - o.s.mock.web.MockServletContext.log 440 [] - Initializing Spring TestDispatcherServlet ''
2025/03/13-23:35:13 INFO [main] - o.s.web.servlet.FrameworkServlet.initServletBean 532 [] - Initializing Servlet ''
2025/03/13-23:35:13 INFO [main] - o.s.web.servlet.FrameworkServlet.initServletBean 554 [] - Completed initialization in 2 ms
2025/03/13-23:35:13 INFO [main] - o.s.v.b.OptionalValidatorFactoryBean.afterPropertiesSet 48 [] - Failed to set up a Bean Validation provider: jakarta.validation.NoProviderFoundException: Unable to create a Configuration, because no Jakarta Bean Validation provider could be found. Add a provider like Hibernate Validator (RI) to your classpath.
2025/03/13-23:35:13 INFO [main] - o.s.mock.web.MockServletContext.log 440 [] - Initializing Spring TestDispatcherServlet ''
2025/03/13-23:35:13 INFO [main] - o.s.web.servlet.FrameworkServlet.initServletBean 532 [] - Initializing Servlet ''
2025/03/13-23:35:13 INFO [main] - o.s.web.servlet.FrameworkServlet.initServletBean 554 [] - Completed initialization in 1 ms
2025/03/13-23:35:13 INFO [main] - o.s.v.b.OptionalValidatorFactoryBean.afterPropertiesSet 48 [] - Failed to set up a Bean Validation provider: jakarta.validation.NoProviderFoundException: Unable to create a Configuration, because no Jakarta Bean Validation provider could be found. Add a provider like Hibernate Validator (RI) to your classpath.
2025/03/13-23:35:13 INFO [main] - o.s.mock.web.MockServletContext.log 440 [] - Initializing Spring TestDispatcherServlet ''
2025/03/13-23:35:13 INFO [main] - o.s.web.servlet.FrameworkServlet.initServletBean 532 [] - Initializing Servlet ''
2025/03/13-23:35:13 INFO [main] - o.s.web.servlet.FrameworkServlet.initServletBean 554 [] - Completed initialization in 0 ms
2025/03/13-23:35:13 INFO [main] - o.s.v.b.OptionalValidatorFactoryBean.afterPropertiesSet 48 [] - Failed to set up a Bean Validation provider: jakarta.validation.NoProviderFoundException: Unable to create a Configuration, because no Jakarta Bean Validation provider could be found. Add a provider like Hibernate Validator (RI) to your classpath.
2025/03/13-23:35:13 INFO [main] - o.s.mock.web.MockServletContext.log 440 [] - Initializing Spring TestDispatcherServlet ''
2025/03/13-23:35:13 INFO [main] - o.s.web.servlet.FrameworkServlet.initServletBean 532 [] - Initializing Servlet ''
2025/03/13-23:35:13 INFO [main] - o.s.web.servlet.FrameworkServlet.initServletBean 554 [] - Completed initialization in 0 ms
2025/03/13-23:35:13 INFO [main] - o.s.v.b.OptionalValidatorFactoryBean.afterPropertiesSet 48 [] - Failed to set up a Bean Validation provider: jakarta.validation.NoProviderFoundException: Unable to create a Configuration, because no Jakarta Bean Validation provider could be found. Add a provider like Hibernate Validator (RI) to your classpath.
2025/03/13-23:35:13 INFO [main] - o.s.mock.web.MockServletContext.log 440 [] - Initializing Spring TestDispatcherServlet ''
2025/03/13-23:35:13 INFO [main] - o.s.web.servlet.FrameworkServlet.initServletBean 532 [] - Initializing Servlet ''
2025/03/13-23:35:13 INFO [main] - o.s.web.servlet.FrameworkServlet.initServletBean 554 [] - Completed initialization in 0 ms
2025/03/13-23:38:08 INFO [main] - o.s.boot.StartupInfoLogger.logStarting 53 [] - Starting TradeControllerTest using Java 21.0.1 with PID 7464 (started by Administrator in D:\ms\interview-assignment)
2025/03/13-23:38:08 INFO [main] - o.s.boot.SpringApplication.logStartupProfileInfo 652 [] - No active profile set, falling back to 1 default profile: "default"
2025/03/13-23:38:10 INFO [main] - o.s.v.b.OptionalValidatorFactoryBean.afterPropertiesSet 48 [] - Failed to set up a Bean Validation provider: jakarta.validation.NoProviderFoundException: Unable to create a Configuration, because no Jakarta Bean Validation provider could be found. Add a provider like Hibernate Validator (RI) to your classpath.
2025/03/13-23:38:11 INFO [main] - o.s.boot.StartupInfoLogger.logStarted 59 [] - Started TradeControllerTest in 3.566 seconds (process running for 5.307)
2025/03/13-23:38:12 INFO [main] - o.s.v.b.OptionalValidatorFactoryBean.afterPropertiesSet 48 [] - Failed to set up a Bean Validation provider: jakarta.validation.NoProviderFoundException: Unable to create a Configuration, because no Jakarta Bean Validation provider could be found. Add a provider like Hibernate Validator (RI) to your classpath.
2025/03/13-23:38:13 INFO [main] - o.s.mock.web.MockServletContext.log 440 [] - Initializing Spring TestDispatcherServlet ''
2025/03/13-23:38:13 INFO [main] - o.s.web.servlet.FrameworkServlet.initServletBean 532 [] - Initializing Servlet ''
2025/03/13-23:38:13 INFO [main] - o.s.web.servlet.FrameworkServlet.initServletBean 554 [] - Completed initialization in 0 ms
2025/03/13-23:38:13 INFO [main] - o.s.v.b.OptionalValidatorFactoryBean.afterPropertiesSet 48 [] - Failed to set up a Bean Validation provider: jakarta.validation.NoProviderFoundException: Unable to create a Configuration, because no Jakarta Bean Validation provider could be found. Add a provider like Hibernate Validator (RI) to your classpath.
2025/03/13-23:38:13 INFO [main] - o.s.mock.web.MockServletContext.log 440 [] - Initializing Spring TestDispatcherServlet ''
2025/03/13-23:38:13 INFO [main] - o.s.web.servlet.FrameworkServlet.initServletBean 532 [] - Initializing Servlet ''
2025/03/13-23:38:13 INFO [main] - o.s.web.servlet.FrameworkServlet.initServletBean 554 [] - Completed initialization in 0 ms
2025/03/13-23:38:13 INFO [main] - o.s.v.b.OptionalValidatorFactoryBean.afterPropertiesSet 48 [] - Failed to set up a Bean Validation provider: jakarta.validation.NoProviderFoundException: Unable to create a Configuration, because no Jakarta Bean Validation provider could be found. Add a provider like Hibernate Validator (RI) to your classpath.
2025/03/13-23:38:13 INFO [main] - o.s.mock.web.MockServletContext.log 440 [] - Initializing Spring TestDispatcherServlet ''
2025/03/13-23:38:13 INFO [main] - o.s.web.servlet.FrameworkServlet.initServletBean 532 [] - Initializing Servlet ''
2025/03/13-23:38:13 INFO [main] - o.s.web.servlet.FrameworkServlet.initServletBean 554 [] - Completed initialization in 0 ms
2025/03/13-23:38:13 INFO [main] - o.s.v.b.OptionalValidatorFactoryBean.afterPropertiesSet 48 [] - Failed to set up a Bean Validation provider: jakarta.validation.NoProviderFoundException: Unable to create a Configuration, because no Jakarta Bean Validation provider could be found. Add a provider like Hibernate Validator (RI) to your classpath.
2025/03/13-23:38:13 INFO [main] - o.s.mock.web.MockServletContext.log 440 [] - Initializing Spring TestDispatcherServlet ''
2025/03/13-23:38:13 INFO [main] - o.s.web.servlet.FrameworkServlet.initServletBean 532 [] - Initializing Servlet ''
2025/03/13-23:38:13 INFO [main] - o.s.web.servlet.FrameworkServlet.initServletBean 554 [] - Completed initialization in 0 ms
2025/03/13-23:38:13 INFO [main] - o.s.v.b.OptionalValidatorFactoryBean.afterPropertiesSet 48 [] - Failed to set up a Bean Validation provider: jakarta.validation.NoProviderFoundException: Unable to create a Configuration, because no Jakarta Bean Validation provider could be found. Add a provider like Hibernate Validator (RI) to your classpath.
2025/03/13-23:38:13 INFO [main] - o.s.mock.web.MockServletContext.log 440 [] - Initializing Spring TestDispatcherServlet ''
2025/03/13-23:38:13 INFO [main] - o.s.web.servlet.FrameworkServlet.initServletBean 532 [] - Initializing Servlet ''
2025/03/13-23:38:13 INFO [main] - o.s.web.servlet.FrameworkServlet.initServletBean 554 [] - Completed initialization in 1 ms
2025/03/13-23:40:36 INFO [main] - o.s.boot.StartupInfoLogger.logStarting 53 [] - Starting TradeControllerTest using Java 21.0.1 with PID 16596 (started by Administrator in D:\ms\interview-assignment)
2025/03/13-23:40:36 INFO [main] - o.s.boot.SpringApplication.logStartupProfileInfo 652 [] - No active profile set, falling back to 1 default profile: "default"
2025/03/13-23:40:38 INFO [main] - o.s.v.b.OptionalValidatorFactoryBean.afterPropertiesSet 48 [] - Failed to set up a Bean Validation provider: jakarta.validation.NoProviderFoundException: Unable to create a Configuration, because no Jakarta Bean Validation provider could be found. Add a provider like Hibernate Validator (RI) to your classpath.
2025/03/13-23:40:38 INFO [main] - o.s.boot.StartupInfoLogger.logStarted 59 [] - Started TradeControllerTest in 3.485 seconds (process running for 5.204)
2025/03/13-23:40:40 INFO [main] - o.s.v.b.OptionalValidatorFactoryBean.afterPropertiesSet 48 [] - Failed to set up a Bean Validation provider: jakarta.validation.NoProviderFoundException: Unable to create a Configuration, because no Jakarta Bean Validation provider could be found. Add a provider like Hibernate Validator (RI) to your classpath.
2025/03/13-23:40:40 INFO [main] - o.s.mock.web.MockServletContext.log 440 [] - Initializing Spring TestDispatcherServlet ''
2025/03/13-23:40:40 INFO [main] - o.s.web.servlet.FrameworkServlet.initServletBean 532 [] - Initializing Servlet ''
2025/03/13-23:40:40 INFO [main] - o.s.web.servlet.FrameworkServlet.initServletBean 554 [] - Completed initialization in 1 ms
2025/03/13-23:41:34 INFO [main] - o.s.boot.StartupInfoLogger.logStarting 53 [] - Starting TradeControllerTest using Java 21.0.1 with PID 15024 (started by Administrator in D:\ms\interview-assignment)
2025/03/13-23:41:34 INFO [main] - o.s.boot.SpringApplication.logStartupProfileInfo 652 [] - No active profile set, falling back to 1 default profile: "default"
2025/03/13-23:41:36 INFO [main] - o.s.v.b.OptionalValidatorFactoryBean.afterPropertiesSet 48 [] - Failed to set up a Bean Validation provider: jakarta.validation.NoProviderFoundException: Unable to create a Configuration, because no Jakarta Bean Validation provider could be found. Add a provider like Hibernate Validator (RI) to your classpath.
2025/03/13-23:41:37 INFO [main] - o.s.boot.StartupInfoLogger.logStarted 59 [] - Started TradeControllerTest in 3.335 seconds (process running for 5.262)
2025/03/13-23:41:38 INFO [main] - o.s.v.b.OptionalValidatorFactoryBean.afterPropertiesSet 48 [] - Failed to set up a Bean Validation provider: jakarta.validation.NoProviderFoundException: Unable to create a Configuration, because no Jakarta Bean Validation provider could be found. Add a provider like Hibernate Validator (RI) to your classpath.
2025/03/13-23:41:38 INFO [main] - o.s.mock.web.MockServletContext.log 440 [] - Initializing Spring TestDispatcherServlet ''
2025/03/13-23:41:38 INFO [main] - o.s.web.servlet.FrameworkServlet.initServletBean 532 [] - Initializing Servlet ''
2025/03/13-23:41:38 INFO [main] - o.s.web.servlet.FrameworkServlet.initServletBean 554 [] - Completed initialization in 0 ms
2025/03/13-23:41:38 INFO [main] - o.s.v.b.OptionalValidatorFactoryBean.afterPropertiesSet 48 [] - Failed to set up a Bean Validation provider: jakarta.validation.NoProviderFoundException: Unable to create a Configuration, because no Jakarta Bean Validation provider could be found. Add a provider like Hibernate Validator (RI) to your classpath.
2025/03/13-23:41:38 INFO [main] - o.s.mock.web.MockServletContext.log 440 [] - Initializing Spring TestDispatcherServlet ''
2025/03/13-23:41:38 INFO [main] - o.s.web.servlet.FrameworkServlet.initServletBean 532 [] - Initializing Servlet ''
2025/03/13-23:41:38 INFO [main] - o.s.web.servlet.FrameworkServlet.initServletBean 554 [] - Completed initialization in 0 ms
2025/03/13-23:41:38 INFO [main] - o.s.v.b.OptionalValidatorFactoryBean.afterPropertiesSet 48 [] - Failed to set up a Bean Validation provider: jakarta.validation.NoProviderFoundException: Unable to create a Configuration, because no Jakarta Bean Validation provider could be found. Add a provider like Hibernate Validator (RI) to your classpath.
2025/03/13-23:41:38 INFO [main] - o.s.mock.web.MockServletContext.log 440 [] - Initializing Spring TestDispatcherServlet ''
2025/03/13-23:41:38 INFO [main] - o.s.web.servlet.FrameworkServlet.initServletBean 532 [] - Initializing Servlet ''
2025/03/13-23:41:38 INFO [main] - o.s.web.servlet.FrameworkServlet.initServletBean 554 [] - Completed initialization in 1 ms
2025/03/13-23:41:38 INFO [main] - o.s.v.b.OptionalValidatorFactoryBean.afterPropertiesSet 48 [] - Failed to set up a Bean Validation provider: jakarta.validation.NoProviderFoundException: Unable to create a Configuration, because no Jakarta Bean Validation provider could be found. Add a provider like Hibernate Validator (RI) to your classpath.
2025/03/13-23:41:38 INFO [main] - o.s.mock.web.MockServletContext.log 440 [] - Initializing Spring TestDispatcherServlet ''
2025/03/13-23:41:38 INFO [main] - o.s.web.servlet.FrameworkServlet.initServletBean 532 [] - Initializing Servlet ''
2025/03/13-23:41:38 INFO [main] - o.s.web.servlet.FrameworkServlet.initServletBean 554 [] - Completed initialization in 0 ms
2025/03/13-23:41:38 INFO [main] - o.s.v.b.OptionalValidatorFactoryBean.afterPropertiesSet 48 [] - Failed to set up a Bean Validation provider: jakarta.validation.NoProviderFoundException: Unable to create a Configuration, because no Jakarta Bean Validation provider could be found. Add a provider like Hibernate Validator (RI) to your classpath.
2025/03/13-23:41:38 INFO [main] - o.s.mock.web.MockServletContext.log 440 [] - Initializing Spring TestDispatcherServlet ''
2025/03/13-23:41:38 INFO [main] - o.s.web.servlet.FrameworkServlet.initServletBean 532 [] - Initializing Servlet ''
2025/03/13-23:41:38 INFO [main] - o.s.web.servlet.FrameworkServlet.initServletBean 554 [] - Completed initialization in 0 ms
2025/03/13-23:45:59 INFO [main] - o.s.boot.StartupInfoLogger.logStarting 53 [] - Starting TradeApiLoadTest using Java 21.0.1 with PID 8968 (started by Administrator in D:\ms\interview-assignment)
2025/03/13-23:45:59 INFO [main] - o.s.boot.SpringApplication.logStartupProfileInfo 652 [] - No active profile set, falling back to 1 default profile: "default"
2025/03/13-23:46:01 INFO [main] - o.s.b.w.e.tomcat.TomcatWebServer.initialize 111 [] - Tomcat initialized with port 0 (http)
2025/03/13-23:46:01 INFO [main] - o.apache.juli.logging.DirectJDKLog.log 173 [] - Initializing ProtocolHandler ["http-nio-auto-1"]
2025/03/13-23:46:01 INFO [main] - o.apache.juli.logging.DirectJDKLog.log 173 [] - Starting service [Tomcat]
2025/03/13-23:46:01 INFO [main] - o.apache.juli.logging.DirectJDKLog.log 173 [] - Starting Servlet engine: [Apache Tomcat/10.1.34]
2025/03/13-23:46:01 INFO [main] - o.apache.juli.logging.DirectJDKLog.log 173 [] - Initializing Spring embedded WebApplicationContext
2025/03/13-23:46:01 INFO [main] - o.s.b.w.s.c.ServletWebServerApplicationContext.prepareWebApplicationContext 296 [] - Root WebApplicationContext: initialization completed in 2090 ms
2025/03/13-23:46:01 INFO [main] - o.s.v.b.OptionalValidatorFactoryBean.afterPropertiesSet 48 [] - Failed to set up a Bean Validation provider: jakarta.validation.NoProviderFoundException: Unable to create a Configuration, because no Jakarta Bean Validation provider could be found. Add a provider like Hibernate Validator (RI) to your classpath.
2025/03/13-23:46:02 INFO [main] - o.apache.juli.logging.DirectJDKLog.log 173 [] - Starting ProtocolHandler ["http-nio-auto-1"]
2025/03/13-23:46:02 INFO [main] - o.s.b.w.e.tomcat.TomcatWebServer.start 243 [] - Tomcat started on port 51160 (http) with context path '/'
2025/03/13-23:46:02 INFO [main] - o.s.boot.StartupInfoLogger.logStarted 59 [] - Started TradeApiLoadTest in 4.293 seconds (process running for 5.984)
2025/03/13-23:46:04 INFO [http-nio-auto-1-exec-11] - o.apache.juli.logging.DirectJDKLog.log 173 [] - Initializing Spring DispatcherServlet 'dispatcherServlet'
2025/03/13-23:46:04 INFO [http-nio-auto-1-exec-11] - o.s.web.servlet.FrameworkServlet.initServletBean 532 [] - Initializing Servlet 'dispatcherServlet'
2025/03/13-23:46:04 INFO [http-nio-auto-1-exec-11] - o.s.web.servlet.FrameworkServlet.initServletBean 554 [] - Completed initialization in 3 ms
2025/03/13-23:46:07 INFO [SpringApplicationShutdownHook] - o.s.b.w.e.tomcat.GracefulShutdown.shutDownGracefully 54 [] - Commencing graceful shutdown. Waiting for active requests to complete
2025/03/13-23:46:07 INFO [tomcat-shutdown] - o.s.b.w.e.tomcat.GracefulShutdown.doShutdown 76 [] - Graceful shutdown complete
2025/03/13-23:46:24 INFO [main] - o.s.boot.StartupInfoLogger.logStarting 53 [] - Starting TradeApiLoadTest using Java 21.0.1 with PID 17828 (started by Administrator in D:\ms\interview-assignment)
2025/03/13-23:46:24 INFO [main] - o.s.boot.SpringApplication.logStartupProfileInfo 652 [] - No active profile set, falling back to 1 default profile: "default"
2025/03/13-23:46:26 INFO [main] - o.s.b.w.e.tomcat.TomcatWebServer.initialize 111 [] - Tomcat initialized with port 0 (http)
2025/03/13-23:46:26 INFO [main] - o.apache.juli.logging.DirectJDKLog.log 173 [] - Initializing ProtocolHandler ["http-nio-auto-1"]
2025/03/13-23:46:26 INFO [main] - o.apache.juli.logging.DirectJDKLog.log 173 [] - Starting service [Tomcat]
2025/03/13-23:46:26 INFO [main] - o.apache.juli.logging.DirectJDKLog.log 173 [] - Starting Servlet engine: [Apache Tomcat/10.1.34]
2025/03/13-23:46:26 INFO [main] - o.apache.juli.logging.DirectJDKLog.log 173 [] - Initializing Spring embedded WebApplicationContext
2025/03/13-23:46:26 INFO [main] - o.s.b.w.s.c.ServletWebServerApplicationContext.prepareWebApplicationContext 296 [] - Root WebApplicationContext: initialization completed in 2023 ms
2025/03/13-23:46:27 INFO [main] - o.s.v.b.OptionalValidatorFactoryBean.afterPropertiesSet 48 [] - Failed to set up a Bean Validation provider: jakarta.validation.NoProviderFoundException: Unable to create a Configuration, because no Jakarta Bean Validation provider could be found. Add a provider like Hibernate Validator (RI) to your classpath.
2025/03/13-23:46:28 INFO [main] - o.apache.juli.logging.DirectJDKLog.log 173 [] - Starting ProtocolHandler ["http-nio-auto-1"]
2025/03/13-23:46:28 INFO [main] - o.s.b.w.e.tomcat.TomcatWebServer.start 243 [] - Tomcat started on port 51266 (http) with context path '/'
2025/03/13-23:46:28 INFO [main] - o.s.boot.StartupInfoLogger.logStarted 59 [] - Started TradeApiLoadTest in 4.2 seconds (process running for 5.785)
2025/03/13-23:46:30 INFO [http-nio-auto-1-exec-65] - o.apache.juli.logging.DirectJDKLog.log 173 [] - Initializing Spring DispatcherServlet 'dispatcherServlet'
2025/03/13-23:46:30 INFO [http-nio-auto-1-exec-65] - o.s.web.servlet.FrameworkServlet.initServletBean 532 [] - Initializing Servlet 'dispatcherServlet'
2025/03/13-23:46:30 INFO [http-nio-auto-1-exec-65] - o.s.web.servlet.FrameworkServlet.initServletBean 554 [] - Completed initialization in 1 ms
2025/03/13-23:46:41 INFO [SpringApplicationShutdownHook] - o.s.b.w.e.tomcat.GracefulShutdown.shutDownGracefully 54 [] - Commencing graceful shutdown. Waiting for active requests to complete
2025/03/13-23:46:41 INFO [tomcat-shutdown] - o.s.b.w.e.tomcat.GracefulShutdown.doShutdown 76 [] - Graceful shutdown complete
